<?xml version="1.0" encoding="UTF-8"?>
<!-- Generated by org.testng.reporters.JUnitXMLReporter -->
<testsuite hostname="01-011903" name="exampletest2" tests="14" failures="0" timestamp="9 Jan 2019 09:22:49 GMT" time="149.156" errors="0">
  <testcase name="To_verify_default_values_for_register" time="4.516" classname="com.ids.store.pom.Tests.HomeTests"/>
  <testcase name="To_verify_default_values_for_registeremail" time="2.537" classname="com.ids.store.pom.Tests.HomeTests"/>
  <testcase name="To_verify_default_values_for_logout" time="19.605" classname="com.ids.store.pom.Tests.HomeTests"/>
  <testcase name="To_verify_default_values_for_textboxes" time="25.329" classname="com.ids.store.pom.Tests.HomeTests"/>
  <testcase name="To_verify_default_values_forloginpage" time="10.572" classname="com.ids.store.pom.Tests.HomeTests"/>
  <testcase name="To_verify_default_values_forMyaccountprofile" time="5.469" classname="com.ids.store.pom.Tests.HomeTests"/>
  <testcase name="To_verify_navigatetoeditbillingaddress" time="11.771" classname="com.ids.store.pom.Tests.HomeTests"/>
  <testcase name="To_verify_navigatetoshippingaddress" time="9.293" classname="com.ids.store.pom.Tests.HomeTests"/>
  <testcase name="To_verify_navigatetocart" time="5.64" classname="com.ids.store.pom.Tests.HomeTests"/>
  <testcase name="To_verify_continue_shop" time="4.546" classname="com.ids.store.pom.Tests.HomeTests"/>
  <testcase name="To_verify_navigatetocheckout" time="6.127" classname="com.ids.store.pom.Tests.HomeTests"/>
  <testcase name="To_verify_navigatetoaddcart" time="13.913" classname="com.ids.store.pom.Tests.HomeTests"/>
  <testcase name="To_verify_navigatetocheckoutaddress" time="1.291" classname="com.ids.store.pom.Tests.HomeTests"/>
  <testcase name="To_verify_navigatetoorderplaced" time="3.164" classname="com.ids.store.pom.Tests.HomeTests"/>
</testsuite> <!-- exampletest2 -->
