<?xml version="1.0" encoding="UTF-8"?>
<testng-results skipped="18" failed="0" total="18" passed="0">
  <reporter-output>
  </reporter-output>
  <suite name="Suite1" duration-ms="153294" started-at="2019-02-14T06:56:42Z" finished-at="2019-02-14T06:59:15Z">
    <groups>
      <group name="Navigate_to_Home ">
        <method signature="HomeTests.To_verify_navigatetohomeagain()[pri:18, instance:com.ids.store.pom.Tests.HomeTests@eec5a4a]" name="To_verify_navigatetohomeagain" class="com.ids.store.pom.Tests.HomeTests"/>
      </group> <!-- Navigate_to_Home  -->
      <group name="Register ">
        <method signature="HomeTests.To_verify_default_values_for_enterregisteremail()[pri:2, instance:com.ids.store.pom.Tests.HomeTests@eec5a4a]" name="To_verify_default_values_for_enterregisteremail" class="com.ids.store.pom.Tests.HomeTests"/>
      </group> <!-- Register  -->
      <group name="Shop ">
        <method signature="HomeTests.To_verify_continue_shop()[pri:13, instance:com.ids.store.pom.Tests.HomeTests@eec5a4a]" name="To_verify_continue_shop" class="com.ids.store.pom.Tests.HomeTests"/>
      </group> <!-- Shop  -->
      <group name="checkou_Orderplaced ">
        <method signature="HomeTests.To_verify_navigatetoorderplaced()[pri:17, instance:com.ids.store.pom.Tests.HomeTests@eec5a4a]" name="To_verify_navigatetoorderplaced" class="com.ids.store.pom.Tests.HomeTests"/>
      </group> <!-- checkou_Orderplaced  -->
      <group name="Home ">
        <method signature="HomeTests.To_verify_default_values_for_register()[pri:1, instance:com.ids.store.pom.Tests.HomeTests@eec5a4a]" name="To_verify_default_values_for_register" class="com.ids.store.pom.Tests.HomeTests"/>
      </group> <!-- Home  -->
      <group name="Login ">
        <method signature="HomeTests.To_verify_default_values_forloginpage()[pri:5, instance:com.ids.store.pom.Tests.HomeTests@eec5a4a]" name="To_verify_default_values_forloginpage" class="com.ids.store.pom.Tests.HomeTests"/>
      </group> <!-- Login  -->
      <group name="checkout_billing ">
        <method signature="HomeTests.To_verify_navigatetocheckoutaddress()[pri:16, instance:com.ids.store.pom.Tests.HomeTests@eec5a4a]" name="To_verify_navigatetocheckoutaddress" class="com.ids.store.pom.Tests.HomeTests"/>
      </group> <!-- checkout_billing  -->
      <group name="Editshippingaddress ">
        <method signature="HomeTests.To_verify_navigatetoshippingaddress()[pri:11, instance:com.ids.store.pom.Tests.HomeTests@eec5a4a]" name="To_verify_navigatetoshippingaddress" class="com.ids.store.pom.Tests.HomeTests"/>
      </group> <!-- Editshippingaddress  -->
      <group name="Myaccount ">
        <method signature="HomeTests.To_verify_default_values_forMyaccountprofile()[pri:9, instance:com.ids.store.pom.Tests.HomeTests@eec5a4a]" name="To_verify_default_values_forMyaccountprofile" class="com.ids.store.pom.Tests.HomeTests"/>
      </group> <!-- Myaccount  -->
      <group name="Logout ">
        <method signature="HomeTests.To_verify_default_values_for_logout()[pri:3, instance:com.ids.store.pom.Tests.HomeTests@eec5a4a]" name="To_verify_default_values_for_logout" class="com.ids.store.pom.Tests.HomeTests"/>
      </group> <!-- Logout  -->
      <group name="Search">
        <method signature="HomeTests.To_verify_default_values_for_Myaccount()[pri:7, instance:com.ids.store.pom.Tests.HomeTests@eec5a4a]" name="To_verify_default_values_for_Myaccount" class="com.ids.store.pom.Tests.HomeTests"/>
        <method signature="HomeTests.To_verify_default_values_for_Search_Box()[pri:6, instance:com.ids.store.pom.Tests.HomeTests@eec5a4a]" name="To_verify_default_values_for_Search_Box" class="com.ids.store.pom.Tests.HomeTests"/>
      </group> <!-- Search -->
      <group name="Testinvalidlogin ">
        <method signature="HomeTests.To_verify_default_values_forenter_invalid_loginCredentials()[pri:4, instance:com.ids.store.pom.Tests.HomeTests@eec5a4a]" name="To_verify_default_values_forenter_invalid_loginCredentials" class="com.ids.store.pom.Tests.HomeTests"/>
      </group> <!-- Testinvalidlogin  -->
      <group name="Shopcart ">
        <method signature="HomeTests.To_verify_navigatetoaddcart()[pri:15, instance:com.ids.store.pom.Tests.HomeTests@eec5a4a]" name="To_verify_navigatetoaddcart" class="com.ids.store.pom.Tests.HomeTests"/>
      </group> <!-- Shopcart  -->
      <group name="EditAddress ">
        <method signature="HomeTests.To_verify_navigatetoeditbillingaddress()[pri:10, instance:com.ids.store.pom.Tests.HomeTests@eec5a4a]" name="To_verify_navigatetoeditbillingaddress" class="com.ids.store.pom.Tests.HomeTests"/>
      </group> <!-- EditAddress  -->
      <group name="Checkout ">
        <method signature="HomeTests.To_verify_navigatetocheckout()[pri:14, instance:com.ids.store.pom.Tests.HomeTests@eec5a4a]" name="To_verify_navigatetocheckout" class="com.ids.store.pom.Tests.HomeTests"/>
      </group> <!-- Checkout  -->
      <group name="Testeditdetails ">
        <method signature="HomeTests.To_verify_default_values_navigatetoeditdetails()[pri:8, instance:com.ids.store.pom.Tests.HomeTests@eec5a4a]" name="To_verify_default_values_navigatetoeditdetails" class="com.ids.store.pom.Tests.HomeTests"/>
      </group> <!-- Testeditdetails  -->
      <group name="Cart ">
        <method signature="HomeTests.To_verify_navigatetocart()[pri:12, instance:com.ids.store.pom.Tests.HomeTests@eec5a4a]" name="To_verify_navigatetocart" class="com.ids.store.pom.Tests.HomeTests"/>
      </group> <!-- Cart  -->
    </groups>
    <test name="WOOCOMMERCE STORE" duration-ms="153294" started-at="2019-02-14T06:56:42Z" finished-at="2019-02-14T06:59:15Z">
      <class name="com.ids.store.pom.Tests.HomeTests">
        <test-method status="FAIL" signature="setup(java.lang.String, java.lang.String)[pri:0, instance:com.ids.store.pom.Tests.HomeTests@eec5a4a]" test-instance-name="To_verify_navigatetohomeagain" name="setup" is-config="true" duration-ms="0" started-at="2019-02-14T12:26:42Z" finished-at="2019-02-14T12:26:42Z">
          <params>
            <param index="0">
              <value>
                <![CDATA[chrome]]>
              </value>
            </param>
            <param index="1">
              <value>
                <![CDATA[http://st9.idsil.com/test/baldev/woocommerce]]>
              </value>
            </param>
          </params>
          <exception class="org.openqa.selenium.WebDriverException">
            <message>
              <![CDATA[unknown error: cannot determine loading status
from unknown error: cannot determine loading status
from disconnected: received Inspector.detached event
  (Session info: chrome=72.0.3626.109)
  (Driver info: chromedriver=2.45.615291 (ec3682e3c9061c10f26ea9e5cdcf3c53f3f74387),platform=Windows NT 10.0.17134 x86_64) (WARNING: The server did not provide any stacktrace information)
Command duration or timeout: 130.94 seconds
Build info: version: '2.52.0', revision: '4c2593c', time: '2016-02-11 19:06:42'
System info: host: '01-011903', ip: '192.168.76.152', os.name: 'Windows 10', os.arch: 'amd64', os.version: '10.0', java.version: '1.8.0_191'
Driver info: org.openqa.selenium.chrome.ChromeDriver
Capabilities [{mobileEmulationEnabled=false, timeouts={implicit=0, pageLoad=300000, script=30000}, hasTouchScreen=false, platform=XP, acceptSslCerts=false, goog:chromeOptions={debuggerAddress=localhost:58610}, acceptInsecureCerts=false, webStorageEnabled=true, browserName=chrome, takesScreenshot=true, javascriptEnabled=true, setWindowRect=true, unexpectedAlertBehaviour=ignore, applicationCacheEnabled=false, rotatable=false, networkConnectionEnabled=false, chrome={chromedriverVersion=2.45.615291 (ec3682e3c9061c10f26ea9e5cdcf3c53f3f74387), userDataDir=C:\Users\vikas.m\AppData\Local\Temp\scoped_dir9224_4149}, takesHeapSnapshot=true, pageLoadStrategy=normal, strictFileInteractability=false, databaseEnabled=false, handlesAlerts=true, version=72.0.3626.109, browserConnectionEnabled=false, proxy={}, nativeEvents=true, locationContextEnabled=true, cssSelectorsEnabled=true}]
Session ID: 4a9c3b2ba81c867c7e2929bcf5ead17e]]>
            </message>
            <full-stacktrace>
              <![CDATA[org.openqa.selenium.WebDriverException: unknown error: cannot determine loading status
from unknown error: cannot determine loading status
from disconnected: received Inspector.detached event
  (Session info: chrome=72.0.3626.109)
  (Driver info: chromedriver=2.45.615291 (ec3682e3c9061c10f26ea9e5cdcf3c53f3f74387),platform=Windows NT 10.0.17134 x86_64) (WARNING: The server did not provide any stacktrace information)
Command duration or timeout: 130.94 seconds
Build info: version: '2.52.0', revision: '4c2593c', time: '2016-02-11 19:06:42'
System info: host: '01-011903', ip: '192.168.76.152', os.name: 'Windows 10', os.arch: 'amd64', os.version: '10.0', java.version: '1.8.0_191'
Driver info: org.openqa.selenium.chrome.ChromeDriver
Capabilities [{mobileEmulationEnabled=false, timeouts={implicit=0, pageLoad=300000, script=30000}, hasTouchScreen=false, platform=XP, acceptSslCerts=false, goog:chromeOptions={debuggerAddress=localhost:58610}, acceptInsecureCerts=false, webStorageEnabled=true, browserName=chrome, takesScreenshot=true, javascriptEnabled=true, setWindowRect=true, unexpectedAlertBehaviour=ignore, applicationCacheEnabled=false, rotatable=false, networkConnectionEnabled=false, chrome={chromedriverVersion=2.45.615291 (ec3682e3c9061c10f26ea9e5cdcf3c53f3f74387), userDataDir=C:\Users\vikas.m\AppData\Local\Temp\scoped_dir9224_4149}, takesHeapSnapshot=true, pageLoadStrategy=normal, strictFileInteractability=false, databaseEnabled=false, handlesAlerts=true, version=72.0.3626.109, browserConnectionEnabled=false, proxy={}, nativeEvents=true, locationContextEnabled=true, cssSelectorsEnabled=true}]
Session ID: 4a9c3b2ba81c867c7e2929bcf5ead17e
	at sun.reflect.NativeConstructorAccessorImpl.newInstance0(Native Method)
	at sun.reflect.NativeConstructorAccessorImpl.newInstance(Unknown Source)
	at sun.reflect.DelegatingConstructorAccessorImpl.newInstance(Unknown Source)
	at java.lang.reflect.Constructor.newInstance(Unknown Source)
	at org.openqa.selenium.remote.ErrorHandler.createThrowable(ErrorHandler.java:206)
	at org.openqa.selenium.remote.ErrorHandler.throwIfResponseFailed(ErrorHandler.java:158)
	at org.openqa.selenium.remote.RemoteWebDriver.execute(RemoteWebDriver.java:678)
	at org.openqa.selenium.remote.RemoteWebDriver.get(RemoteWebDriver.java:316)
	at org.openqa.selenium.remote.RemoteWebDriver$RemoteNavigation.to(RemoteWebDriver.java:969)
	at com.ids.store.pom.Tests.HomeTests.setup(HomeTests.java:34)
	at sun.reflect.NativeMethodAccessorImpl.invoke0(Native Method)
	at sun.reflect.NativeMethodAccessorImpl.invoke(Unknown Source)
	at sun.reflect.DelegatingMethodAccessorImpl.invoke(Unknown Source)
	at java.lang.reflect.Method.invoke(Unknown Source)
	at org.testng.internal.MethodInvocationHelper.invokeMethod(MethodInvocationHelper.java:85)
	at org.testng.internal.Invoker.invokeConfigurationMethod(Invoker.java:510)
	at org.testng.internal.Invoker.invokeConfigurations(Invoker.java:211)
	at org.testng.internal.Invoker.invokeConfigurations(Invoker.java:138)
	at org.testng.internal.TestMethodWorker.invokeBeforeClassMethods(TestMethodWorker.java:170)
	at org.testng.internal.TestMethodWorker.run(TestMethodWorker.java:104)
	at org.testng.TestRunner.privateRun(TestRunner.java:774)
	at org.testng.TestRunner.run(TestRunner.java:624)
	at org.testng.SuiteRunner.runTest(SuiteRunner.java:359)
	at org.testng.SuiteRunner.runSequentially(SuiteRunner.java:354)
	at org.testng.SuiteRunner.privateRun(SuiteRunner.java:312)
	at org.testng.SuiteRunner.run(SuiteRunner.java:261)
	at org.testng.SuiteRunnerWorker.runSuite(SuiteRunnerWorker.java:52)
	at org.testng.SuiteRunnerWorker.run(SuiteRunnerWorker.java:86)
	at org.testng.TestNG.runSuitesSequentially(TestNG.java:1215)
	at org.testng.TestNG.runSuitesLocally(TestNG.java:1140)
	at org.testng.TestNG.run(TestNG.java:1048)
	at org.testng.remote.AbstractRemoteTestNG.run(AbstractRemoteTestNG.java:114)
	at org.testng.remote.RemoteTestNG.initAndRun(RemoteTestNG.java:251)
	at org.testng.remote.RemoteTestNG.main(RemoteTestNG.java:77)
]]>
            </full-stacktrace>
          </exception> <!-- org.openqa.selenium.WebDriverException -->
          <reporter-output>
          </reporter-output>
        </test-method> <!-- setup -->
        <test-method status="SKIP" signature="To_verify_default_values_for_register()[pri:1, instance:com.ids.store.pom.Tests.HomeTests@eec5a4a]" test-instance-name="To_verify_navigatetohomeagain" name="To_verify_default_values_for_register" duration-ms="2" started-at="2019-02-14T12:29:15Z" description="Default values should visible for each textbox." finished-at="2019-02-14T12:29:15Z">
          <reporter-output>
          </reporter-output>
        </test-method> <!-- To_verify_default_values_for_register -->
        <test-method status="PASS" signature="extractTestNameFromParameters(java.lang.reflect.Method, [Ljava.lang.Object;)[pri:0, instance:com.ids.store.pom.Tests.HomeTests@eec5a4a]" test-instance-name="To_verify_navigatetohomeagain" name="extractTestNameFromParameters" is-config="true" duration-ms="0" started-at="2019-02-14T12:29:15Z" finished-at="2019-02-14T12:29:15Z">
          <params>
            <param index="0">
              <value>
                <![CDATA[public void com.ids.store.pom.Tests.HomeTests.To_verify_default_values_for_register()]]>
              </value>
            </param>
            <param index="1">
              <value>
                <![CDATA[[Ljava.lang.Object;@2a693f59]]>
              </value>
            </param>
          </params>
          <reporter-output>
          </reporter-output>
        </test-method> <!-- extractTestNameFromParameters -->
        <test-method status="PASS" signature="extractTestNameFromParameters(java.lang.reflect.Method, [Ljava.lang.Object;)[pri:0, instance:com.ids.store.pom.Tests.HomeTests@eec5a4a]" test-instance-name="To_verify_navigatetohomeagain" name="extractTestNameFromParameters" is-config="true" duration-ms="1" started-at="2019-02-14T12:29:15Z" finished-at="2019-02-14T12:29:15Z">
          <params>
            <param index="0">
              <value>
                <![CDATA[public void com.ids.store.pom.Tests.HomeTests.To_verify_default_values_for_enterregisteremail()]]>
              </value>
            </param>
            <param index="1">
              <value>
                <![CDATA[[Ljava.lang.Object;@3f4faf53]]>
              </value>
            </param>
          </params>
          <reporter-output>
          </reporter-output>
        </test-method> <!-- extractTestNameFromParameters -->
        <test-method status="SKIP" signature="To_verify_default_values_for_enterregisteremail()[pri:2, instance:com.ids.store.pom.Tests.HomeTests@eec5a4a]" test-instance-name="To_verify_navigatetohomeagain" name="To_verify_default_values_for_enterregisteremail" duration-ms="1" started-at="2019-02-14T12:29:15Z" description="Default values should visible for each textbox." finished-at="2019-02-14T12:29:15Z">
          <reporter-output>
          </reporter-output>
        </test-method> <!-- To_verify_default_values_for_enterregisteremail -->
        <test-method status="PASS" signature="extractTestNameFromParameters(java.lang.reflect.Method, [Ljava.lang.Object;)[pri:0, instance:com.ids.store.pom.Tests.HomeTests@eec5a4a]" test-instance-name="To_verify_navigatetohomeagain" name="extractTestNameFromParameters" is-config="true" duration-ms="0" started-at="2019-02-14T12:29:15Z" finished-at="2019-02-14T12:29:15Z">
          <params>
            <param index="0">
              <value>
                <![CDATA[public void com.ids.store.pom.Tests.HomeTests.To_verify_default_values_for_logout()]]>
              </value>
            </param>
            <param index="1">
              <value>
                <![CDATA[[Ljava.lang.Object;@7fd50002]]>
              </value>
            </param>
          </params>
          <reporter-output>
          </reporter-output>
        </test-method> <!-- extractTestNameFromParameters -->
        <test-method status="SKIP" signature="To_verify_default_values_for_logout()[pri:3, instance:com.ids.store.pom.Tests.HomeTests@eec5a4a]" test-instance-name="To_verify_navigatetohomeagain" name="To_verify_default_values_for_logout" duration-ms="1" started-at="2019-02-14T12:29:15Z" description="Default values should visible for each textbox." finished-at="2019-02-14T12:29:15Z">
          <reporter-output>
          </reporter-output>
        </test-method> <!-- To_verify_default_values_for_logout -->
        <test-method status="PASS" signature="extractTestNameFromParameters(java.lang.reflect.Method, [Ljava.lang.Object;)[pri:0, instance:com.ids.store.pom.Tests.HomeTests@eec5a4a]" test-instance-name="To_verify_navigatetohomeagain" name="extractTestNameFromParameters" is-config="true" duration-ms="0" started-at="2019-02-14T12:29:15Z" finished-at="2019-02-14T12:29:15Z">
          <params>
            <param index="0">
              <value>
                <![CDATA[public void com.ids.store.pom.Tests.HomeTests.To_verify_default_values_forenter_invalid_loginCredentials()]]>
              </value>
            </param>
            <param index="1">
              <value>
                <![CDATA[[Ljava.lang.Object;@533bda92]]>
              </value>
            </param>
          </params>
          <reporter-output>
          </reporter-output>
        </test-method> <!-- extractTestNameFromParameters -->
        <test-method status="SKIP" signature="To_verify_default_values_forenter_invalid_loginCredentials()[pri:4, instance:com.ids.store.pom.Tests.HomeTests@eec5a4a]" test-instance-name="To_verify_navigatetohomeagain" name="To_verify_default_values_forenter_invalid_loginCredentials" duration-ms="2" started-at="2019-02-14T12:29:15Z" description="Default values should visible for each textbox." finished-at="2019-02-14T12:29:15Z">
          <reporter-output>
          </reporter-output>
        </test-method> <!-- To_verify_default_values_forenter_invalid_loginCredentials -->
        <test-method status="SKIP" signature="To_verify_default_values_forloginpage()[pri:5, instance:com.ids.store.pom.Tests.HomeTests@eec5a4a]" test-instance-name="To_verify_navigatetohomeagain" name="To_verify_default_values_forloginpage" duration-ms="1" started-at="2019-02-14T12:29:15Z" description="Default values should visible for each textbox." finished-at="2019-02-14T12:29:15Z">
          <reporter-output>
          </reporter-output>
        </test-method> <!-- To_verify_default_values_forloginpage -->
        <test-method status="PASS" signature="extractTestNameFromParameters(java.lang.reflect.Method, [Ljava.lang.Object;)[pri:0, instance:com.ids.store.pom.Tests.HomeTests@eec5a4a]" test-instance-name="To_verify_navigatetohomeagain" name="extractTestNameFromParameters" is-config="true" duration-ms="0" started-at="2019-02-14T12:29:15Z" finished-at="2019-02-14T12:29:15Z">
          <params>
            <param index="0">
              <value>
                <![CDATA[public void com.ids.store.pom.Tests.HomeTests.To_verify_default_values_forloginpage()]]>
              </value>
            </param>
            <param index="1">
              <value>
                <![CDATA[[Ljava.lang.Object;@304bb45b]]>
              </value>
            </param>
          </params>
          <reporter-output>
          </reporter-output>
        </test-method> <!-- extractTestNameFromParameters -->
        <test-method status="SKIP" signature="To_verify_default_values_for_Search_Box()[pri:6, instance:com.ids.store.pom.Tests.HomeTests@eec5a4a]" test-instance-name="To_verify_navigatetohomeagain" name="To_verify_default_values_for_Search_Box" duration-ms="1" started-at="2019-02-14T12:29:15Z" description="Default values should visible for each textbox." finished-at="2019-02-14T12:29:15Z">
          <reporter-output>
          </reporter-output>
        </test-method> <!-- To_verify_default_values_for_Search_Box -->
        <test-method status="PASS" signature="extractTestNameFromParameters(java.lang.reflect.Method, [Ljava.lang.Object;)[pri:0, instance:com.ids.store.pom.Tests.HomeTests@eec5a4a]" test-instance-name="To_verify_navigatetohomeagain" name="extractTestNameFromParameters" is-config="true" duration-ms="0" started-at="2019-02-14T12:29:15Z" finished-at="2019-02-14T12:29:15Z">
          <params>
            <param index="0">
              <value>
                <![CDATA[public void com.ids.store.pom.Tests.HomeTests.To_verify_default_values_for_Search_Box()]]>
              </value>
            </param>
            <param index="1">
              <value>
                <![CDATA[[Ljava.lang.Object;@723ca036]]>
              </value>
            </param>
          </params>
          <reporter-output>
          </reporter-output>
        </test-method> <!-- extractTestNameFromParameters -->
        <test-method status="PASS" signature="extractTestNameFromParameters(java.lang.reflect.Method, [Ljava.lang.Object;)[pri:0, instance:com.ids.store.pom.Tests.HomeTests@eec5a4a]" test-instance-name="To_verify_navigatetohomeagain" name="extractTestNameFromParameters" is-config="true" duration-ms="0" started-at="2019-02-14T12:29:15Z" finished-at="2019-02-14T12:29:15Z">
          <params>
            <param index="0">
              <value>
                <![CDATA[public void com.ids.store.pom.Tests.HomeTests.To_verify_default_values_for_Myaccount()]]>
              </value>
            </param>
            <param index="1">
              <value>
                <![CDATA[[Ljava.lang.Object;@25be7b63]]>
              </value>
            </param>
          </params>
          <reporter-output>
          </reporter-output>
        </test-method> <!-- extractTestNameFromParameters -->
        <test-method status="SKIP" signature="To_verify_default_values_for_Myaccount()[pri:7, instance:com.ids.store.pom.Tests.HomeTests@eec5a4a]" test-instance-name="To_verify_navigatetohomeagain" name="To_verify_default_values_for_Myaccount" duration-ms="1" started-at="2019-02-14T12:29:15Z" description="Default values should visible for each textbox." finished-at="2019-02-14T12:29:15Z">
          <reporter-output>
          </reporter-output>
        </test-method> <!-- To_verify_default_values_for_Myaccount -->
        <test-method status="PASS" signature="extractTestNameFromParameters(java.lang.reflect.Method, [Ljava.lang.Object;)[pri:0, instance:com.ids.store.pom.Tests.HomeTests@eec5a4a]" test-instance-name="To_verify_navigatetohomeagain" name="extractTestNameFromParameters" is-config="true" duration-ms="0" started-at="2019-02-14T12:29:15Z" finished-at="2019-02-14T12:29:15Z">
          <params>
            <param index="0">
              <value>
                <![CDATA[public void com.ids.store.pom.Tests.HomeTests.To_verify_default_values_navigatetoeditdetails()]]>
              </value>
            </param>
            <param index="1">
              <value>
                <![CDATA[[Ljava.lang.Object;@28dcca0c]]>
              </value>
            </param>
          </params>
          <reporter-output>
          </reporter-output>
        </test-method> <!-- extractTestNameFromParameters -->
        <test-method status="SKIP" signature="To_verify_default_values_navigatetoeditdetails()[pri:8, instance:com.ids.store.pom.Tests.HomeTests@eec5a4a]" test-instance-name="To_verify_navigatetohomeagain" name="To_verify_default_values_navigatetoeditdetails" duration-ms="0" started-at="2019-02-14T12:29:15Z" description="Default values should visible for each textbox." finished-at="2019-02-14T12:29:15Z">
          <reporter-output>
          </reporter-output>
        </test-method> <!-- To_verify_default_values_navigatetoeditdetails -->
        <test-method status="PASS" signature="extractTestNameFromParameters(java.lang.reflect.Method, [Ljava.lang.Object;)[pri:0, instance:com.ids.store.pom.Tests.HomeTests@eec5a4a]" test-instance-name="To_verify_navigatetohomeagain" name="extractTestNameFromParameters" is-config="true" duration-ms="0" started-at="2019-02-14T12:29:15Z" finished-at="2019-02-14T12:29:15Z">
          <params>
            <param index="0">
              <value>
                <![CDATA[public void com.ids.store.pom.Tests.HomeTests.To_verify_default_values_forMyaccountprofile()]]>
              </value>
            </param>
            <param index="1">
              <value>
                <![CDATA[[Ljava.lang.Object;@45d84a20]]>
              </value>
            </param>
          </params>
          <reporter-output>
          </reporter-output>
        </test-method> <!-- extractTestNameFromParameters -->
        <test-method status="SKIP" signature="To_verify_default_values_forMyaccountprofile()[pri:9, instance:com.ids.store.pom.Tests.HomeTests@eec5a4a]" test-instance-name="To_verify_navigatetohomeagain" name="To_verify_default_values_forMyaccountprofile" duration-ms="1" started-at="2019-02-14T12:29:15Z" description="Default values should visible for each textbox." finished-at="2019-02-14T12:29:15Z">
          <reporter-output>
          </reporter-output>
        </test-method> <!-- To_verify_default_values_forMyaccountprofile -->
        <test-method status="PASS" signature="extractTestNameFromParameters(java.lang.reflect.Method, [Ljava.lang.Object;)[pri:0, instance:com.ids.store.pom.Tests.HomeTests@eec5a4a]" test-instance-name="To_verify_navigatetohomeagain" name="extractTestNameFromParameters" is-config="true" duration-ms="0" started-at="2019-02-14T12:29:15Z" finished-at="2019-02-14T12:29:15Z">
          <params>
            <param index="0">
              <value>
                <![CDATA[public void com.ids.store.pom.Tests.HomeTests.To_verify_navigatetoeditbillingaddress()]]>
              </value>
            </param>
            <param index="1">
              <value>
                <![CDATA[[Ljava.lang.Object;@52f27fbd]]>
              </value>
            </param>
          </params>
          <reporter-output>
          </reporter-output>
        </test-method> <!-- extractTestNameFromParameters -->
        <test-method status="SKIP" signature="To_verify_navigatetoeditbillingaddress()[pri:10, instance:com.ids.store.pom.Tests.HomeTests@eec5a4a]" test-instance-name="To_verify_navigatetohomeagain" name="To_verify_navigatetoeditbillingaddress" duration-ms="1" started-at="2019-02-14T12:29:15Z" description="Default values should visible for each textbox." finished-at="2019-02-14T12:29:15Z">
          <reporter-output>
          </reporter-output>
        </test-method> <!-- To_verify_navigatetoeditbillingaddress -->
        <test-method status="PASS" signature="extractTestNameFromParameters(java.lang.reflect.Method, [Ljava.lang.Object;)[pri:0, instance:com.ids.store.pom.Tests.HomeTests@eec5a4a]" test-instance-name="To_verify_navigatetohomeagain" name="extractTestNameFromParameters" is-config="true" duration-ms="0" started-at="2019-02-14T12:29:15Z" finished-at="2019-02-14T12:29:15Z">
          <params>
            <param index="0">
              <value>
                <![CDATA[public void com.ids.store.pom.Tests.HomeTests.To_verify_navigatetoshippingaddress()]]>
              </value>
            </param>
            <param index="1">
              <value>
                <![CDATA[[Ljava.lang.Object;@4c163e3]]>
              </value>
            </param>
          </params>
          <reporter-output>
          </reporter-output>
        </test-method> <!-- extractTestNameFromParameters -->
        <test-method status="SKIP" signature="To_verify_navigatetoshippingaddress()[pri:11, instance:com.ids.store.pom.Tests.HomeTests@eec5a4a]" test-instance-name="To_verify_navigatetohomeagain" name="To_verify_navigatetoshippingaddress" duration-ms="1" started-at="2019-02-14T12:29:15Z" description="Default values should visible for each textbox." finished-at="2019-02-14T12:29:15Z">
          <reporter-output>
          </reporter-output>
        </test-method> <!-- To_verify_navigatetoshippingaddress -->
        <test-method status="SKIP" signature="To_verify_navigatetocart()[pri:12, instance:com.ids.store.pom.Tests.HomeTests@eec5a4a]" test-instance-name="To_verify_navigatetohomeagain" name="To_verify_navigatetocart" duration-ms="1" started-at="2019-02-14T12:29:15Z" description="Default values should visible for each textbox." finished-at="2019-02-14T12:29:15Z">
          <reporter-output>
          </reporter-output>
        </test-method> <!-- To_verify_navigatetocart -->
        <test-method status="PASS" signature="extractTestNameFromParameters(java.lang.reflect.Method, [Ljava.lang.Object;)[pri:0, instance:com.ids.store.pom.Tests.HomeTests@eec5a4a]" test-instance-name="To_verify_navigatetohomeagain" name="extractTestNameFromParameters" is-config="true" duration-ms="0" started-at="2019-02-14T12:29:15Z" finished-at="2019-02-14T12:29:15Z">
          <params>
            <param index="0">
              <value>
                <![CDATA[public void com.ids.store.pom.Tests.HomeTests.To_verify_navigatetocart()]]>
              </value>
            </param>
            <param index="1">
              <value>
                <![CDATA[[Ljava.lang.Object;@4a8355dd]]>
              </value>
            </param>
          </params>
          <reporter-output>
          </reporter-output>
        </test-method> <!-- extractTestNameFromParameters -->
        <test-method status="SKIP" signature="To_verify_continue_shop()[pri:13, instance:com.ids.store.pom.Tests.HomeTests@eec5a4a]" test-instance-name="To_verify_navigatetohomeagain" name="To_verify_continue_shop" duration-ms="1" started-at="2019-02-14T12:29:15Z" description="Default values should visible for each textbox." finished-at="2019-02-14T12:29:15Z">
          <reporter-output>
          </reporter-output>
        </test-method> <!-- To_verify_continue_shop -->
        <test-method status="PASS" signature="extractTestNameFromParameters(java.lang.reflect.Method, [Ljava.lang.Object;)[pri:0, instance:com.ids.store.pom.Tests.HomeTests@eec5a4a]" test-instance-name="To_verify_navigatetohomeagain" name="extractTestNameFromParameters" is-config="true" duration-ms="0" started-at="2019-02-14T12:29:15Z" finished-at="2019-02-14T12:29:15Z">
          <params>
            <param index="0">
              <value>
                <![CDATA[public void com.ids.store.pom.Tests.HomeTests.To_verify_continue_shop()]]>
              </value>
            </param>
            <param index="1">
              <value>
                <![CDATA[[Ljava.lang.Object;@4d0d9fe7]]>
              </value>
            </param>
          </params>
          <reporter-output>
          </reporter-output>
        </test-method> <!-- extractTestNameFromParameters -->
        <test-method status="SKIP" signature="To_verify_navigatetocheckout()[pri:14, instance:com.ids.store.pom.Tests.HomeTests@eec5a4a]" test-instance-name="To_verify_navigatetohomeagain" name="To_verify_navigatetocheckout" duration-ms="1" started-at="2019-02-14T12:29:15Z" description="Default values should visible for each textbox." finished-at="2019-02-14T12:29:15Z">
          <reporter-output>
          </reporter-output>
        </test-method> <!-- To_verify_navigatetocheckout -->
        <test-method status="PASS" signature="extractTestNameFromParameters(java.lang.reflect.Method, [Ljava.lang.Object;)[pri:0, instance:com.ids.store.pom.Tests.HomeTests@eec5a4a]" test-instance-name="To_verify_navigatetohomeagain" name="extractTestNameFromParameters" is-config="true" duration-ms="0" started-at="2019-02-14T12:29:15Z" finished-at="2019-02-14T12:29:15Z">
          <params>
            <param index="0">
              <value>
                <![CDATA[public void com.ids.store.pom.Tests.HomeTests.To_verify_navigatetocheckout()]]>
              </value>
            </param>
            <param index="1">
              <value>
                <![CDATA[[Ljava.lang.Object;@c430e6c]]>
              </value>
            </param>
          </params>
          <reporter-output>
          </reporter-output>
        </test-method> <!-- extractTestNameFromParameters -->
        <test-method status="SKIP" signature="To_verify_navigatetoaddcart()[pri:15, instance:com.ids.store.pom.Tests.HomeTests@eec5a4a]" test-instance-name="To_verify_navigatetohomeagain" name="To_verify_navigatetoaddcart" duration-ms="1" started-at="2019-02-14T12:29:15Z" description="Default values should visible for each textbox." finished-at="2019-02-14T12:29:15Z">
          <reporter-output>
          </reporter-output>
        </test-method> <!-- To_verify_navigatetoaddcart -->
        <test-method status="PASS" signature="extractTestNameFromParameters(java.lang.reflect.Method, [Ljava.lang.Object;)[pri:0, instance:com.ids.store.pom.Tests.HomeTests@eec5a4a]" test-instance-name="To_verify_navigatetohomeagain" name="extractTestNameFromParameters" is-config="true" duration-ms="0" started-at="2019-02-14T12:29:15Z" finished-at="2019-02-14T12:29:15Z">
          <params>
            <param index="0">
              <value>
                <![CDATA[public void com.ids.store.pom.Tests.HomeTests.To_verify_navigatetoaddcart()]]>
              </value>
            </param>
            <param index="1">
              <value>
                <![CDATA[[Ljava.lang.Object;@312aa7c]]>
              </value>
            </param>
          </params>
          <reporter-output>
          </reporter-output>
        </test-method> <!-- extractTestNameFromParameters -->
        <test-method status="SKIP" signature="To_verify_navigatetocheckoutaddress()[pri:16, instance:com.ids.store.pom.Tests.HomeTests@eec5a4a]" test-instance-name="To_verify_navigatetohomeagain" name="To_verify_navigatetocheckoutaddress" duration-ms="1" started-at="2019-02-14T12:29:15Z" description="Default values should visible for each textbox." finished-at="2019-02-14T12:29:15Z">
          <reporter-output>
          </reporter-output>
        </test-method> <!-- To_verify_navigatetocheckoutaddress -->
        <test-method status="PASS" signature="extractTestNameFromParameters(java.lang.reflect.Method, [Ljava.lang.Object;)[pri:0, instance:com.ids.store.pom.Tests.HomeTests@eec5a4a]" test-instance-name="To_verify_navigatetohomeagain" name="extractTestNameFromParameters" is-config="true" duration-ms="0" started-at="2019-02-14T12:29:15Z" finished-at="2019-02-14T12:29:15Z">
          <params>
            <param index="0">
              <value>
                <![CDATA[public void com.ids.store.pom.Tests.HomeTests.To_verify_navigatetocheckoutaddress()]]>
              </value>
            </param>
            <param index="1">
              <value>
                <![CDATA[[Ljava.lang.Object;@536f2a7e]]>
              </value>
            </param>
          </params>
          <reporter-output>
          </reporter-output>
        </test-method> <!-- extractTestNameFromParameters -->
        <test-method status="SKIP" signature="To_verify_navigatetoorderplaced()[pri:17, instance:com.ids.store.pom.Tests.HomeTests@eec5a4a]" test-instance-name="To_verify_navigatetohomeagain" name="To_verify_navigatetoorderplaced" duration-ms="1" started-at="2019-02-14T12:29:15Z" description="Default values should visible for each textbox." finished-at="2019-02-14T12:29:15Z">
          <reporter-output>
          </reporter-output>
        </test-method> <!-- To_verify_navigatetoorderplaced -->
        <test-method status="PASS" signature="extractTestNameFromParameters(java.lang.reflect.Method, [Ljava.lang.Object;)[pri:0, instance:com.ids.store.pom.Tests.HomeTests@eec5a4a]" test-instance-name="To_verify_navigatetohomeagain" name="extractTestNameFromParameters" is-config="true" duration-ms="0" started-at="2019-02-14T12:29:15Z" finished-at="2019-02-14T12:29:15Z">
          <params>
            <param index="0">
              <value>
                <![CDATA[public void com.ids.store.pom.Tests.HomeTests.To_verify_navigatetoorderplaced()]]>
              </value>
            </param>
            <param index="1">
              <value>
                <![CDATA[[Ljava.lang.Object;@72bc6553]]>
              </value>
            </param>
          </params>
          <reporter-output>
          </reporter-output>
        </test-method> <!-- extractTestNameFromParameters -->
        <test-method status="SKIP" signature="To_verify_navigatetohomeagain()[pri:18, instance:com.ids.store.pom.Tests.HomeTests@eec5a4a]" test-instance-name="To_verify_navigatetohomeagain" name="To_verify_navigatetohomeagain" duration-ms="2" started-at="2019-02-14T12:29:15Z" description="Default values should visible for each textbox." finished-at="2019-02-14T12:29:15Z">
          <reporter-output>
          </reporter-output>
        </test-method> <!-- To_verify_navigatetohomeagain -->
        <test-method status="PASS" signature="extractTestNameFromParameters(java.lang.reflect.Method, [Ljava.lang.Object;)[pri:0, instance:com.ids.store.pom.Tests.HomeTests@eec5a4a]" test-instance-name="To_verify_navigatetohomeagain" name="extractTestNameFromParameters" is-config="true" duration-ms="0" started-at="2019-02-14T12:29:15Z" finished-at="2019-02-14T12:29:15Z">
          <params>
            <param index="0">
              <value>
                <![CDATA[public void com.ids.store.pom.Tests.HomeTests.To_verify_navigatetohomeagain()]]>
              </value>
            </param>
            <param index="1">
              <value>
                <![CDATA[[Ljava.lang.Object;@66982506]]>
              </value>
            </param>
          </params>
          <reporter-output>
          </reporter-output>
        </test-method> <!-- extractTestNameFromParameters -->
        <test-method status="SKIP" signature="tearDown()[pri:0, instance:com.ids.store.pom.Tests.HomeTests@eec5a4a]" test-instance-name="To_verify_navigatetohomeagain" name="tearDown" is-config="true" duration-ms="0" started-at="2019-02-14T12:29:15Z" finished-at="2019-02-14T12:29:15Z">
          <reporter-output>
          </reporter-output>
        </test-method> <!-- tearDown -->
      </class> <!-- com.ids.store.pom.Tests.HomeTests -->
    </test> <!-- WOOCOMMERCE STORE -->
  </suite> <!-- Suite1 -->
</testng-results>
